#! /usr/bin/vvp
:ivl_version "12.0 (stable)";
:ivl_delay_selection "TYPICAL";
:vpi_time_precision + 0;
:vpi_module "/usr/lib/x86_64-linux-gnu/ivl/system.vpi";
:vpi_module "/usr/lib/x86_64-linux-gnu/ivl/vhdl_sys.vpi";
:vpi_module "/usr/lib/x86_64-linux-gnu/ivl/vhdl_textio.vpi";
:vpi_module "/usr/lib/x86_64-linux-gnu/ivl/v2005_math.vpi";
:vpi_module "/usr/lib/x86_64-linux-gnu/ivl/va_math.vpi";
S_0x61df93f5b700 .scope module, "tb_atm_controller" "tb_atm_controller" 2 1;
 .timescale 0 0;
v0x61df93f85d10_0 .var "amount_valid", 0 0;
v0x61df93f85dd0_0 .var "cancel", 0 0;
v0x61df93f85ea0_0 .net "card_eject", 0 0, v0x61df93f84cb0_0;  1 drivers
v0x61df93f85fa0_0 .var "card_inserted", 0 0;
v0x61df93f86070_0 .net "card_retain", 0 0, v0x61df93f84e40_0;  1 drivers
v0x61df93f86110_0 .var "cash_available", 0 0;
v0x61df93f861e0_0 .net "cash_dispense", 0 0, v0x61df93f85010_0;  1 drivers
v0x61df93f862b0_0 .var "cash_taken", 0 0;
v0x61df93f86380_0 .var "clk", 0 0;
v0x61df93f86450_0 .net "error", 0 0, v0x61df93f85250_0;  1 drivers
v0x61df93f86520_0 .var "pin_invalid", 0 0;
v0x61df93f865f0_0 .var "pin_valid", 0 0;
v0x61df93f866c0_0 .net "receipt_print", 0 0, v0x61df93f85710_0;  1 drivers
v0x61df93f86790_0 .var "rst", 0 0;
v0x61df93f86860_0 .net "state_dbg", 3 0, L_0x61df93f86a00;  1 drivers
v0x61df93f86930_0 .var "txn_select", 0 0;
S_0x61df93f5b890 .scope module, "uut" "atm_controller" 2 21, 3 1 0, S_0x61df93f5b700;
 .timescale 0 0;
    .port_info 0 /INPUT 1 "clk";
    .port_info 1 /INPUT 1 "rst";
    .port_info 2 /INPUT 1 "card_inserted";
    .port_info 3 /INPUT 1 "pin_valid";
    .port_info 4 /INPUT 1 "pin_invalid";
    .port_info 5 /INPUT 1 "txn_select";
    .port_info 6 /INPUT 1 "amount_valid";
    .port_info 7 /INPUT 1 "cash_available";
    .port_info 8 /INPUT 1 "cash_taken";
    .port_info 9 /INPUT 1 "cancel";
    .port_info 10 /OUTPUT 1 "card_eject";
    .port_info 11 /OUTPUT 1 "card_retain";
    .port_info 12 /OUTPUT 1 "cash_dispense";
    .port_info 13 /OUTPUT 1 "receipt_print";
    .port_info 14 /OUTPUT 1 "error";
    .port_info 15 /OUTPUT 4 "state_dbg";
P_0x61df93f14490 .param/l "MAX_PIN_ATTEMPTS" 0 3 2, +C4<00000000000000000000000000000011>;
P_0x61df93f144d0 .param/l "S_AMOUNT" 1 3 27, C4<0100>;
P_0x61df93f14510 .param/l "S_CARD_IN" 1 3 24, C4<0001>;
P_0x61df93f14550 .param/l "S_DISPENSE" 1 3 28, C4<0101>;
P_0x61df93f14590 .param/l "S_EJECT" 1 3 30, C4<0111>;
P_0x61df93f145d0 .param/l "S_ERROR" 1 3 31, C4<1000>;
P_0x61df93f14610 .param/l "S_IDLE" 1 3 23, C4<0000>;
P_0x61df93f14650 .param/l "S_MENU" 1 3 26, C4<0011>;
P_0x61df93f14690 .param/l "S_PIN_CHECK" 1 3 25, C4<0010>;
P_0x61df93f146d0 .param/l "S_RECEIPT" 1 3 29, C4<0110>;
P_0x61df93f14710 .param/l "S_RETAIN_CARD" 1 3 32, C4<1001>;
L_0x61df93f86a00 .functor BUFZ 4, v0x61df93f85890_0, C4<0000>, C4<0000>, C4<0000>;
v0x61df93f4a460_0 .net "amount_valid", 0 0, v0x61df93f85d10_0;  1 drivers
v0x61df93f84bf0_0 .net "cancel", 0 0, v0x61df93f85dd0_0;  1 drivers
v0x61df93f84cb0_0 .var "card_eject", 0 0;
v0x61df93f84d80_0 .net "card_inserted", 0 0, v0x61df93f85fa0_0;  1 drivers
v0x61df93f84e40_0 .var "card_retain", 0 0;
v0x61df93f84f50_0 .net "cash_available", 0 0, v0x61df93f86110_0;  1 drivers
v0x61df93f85010_0 .var "cash_dispense", 0 0;
v0x61df93f850d0_0 .net "cash_taken", 0 0, v0x61df93f862b0_0;  1 drivers
v0x61df93f85190_0 .net "clk", 0 0, v0x61df93f86380_0;  1 drivers
v0x61df93f85250_0 .var "error", 0 0;
v0x61df93f85310_0 .var "next_state", 3 0;
v0x61df93f853f0_0 .var "pin_attempts", 1 0;
v0x61df93f854d0_0 .net "pin_invalid", 0 0, v0x61df93f86520_0;  1 drivers
v0x61df93f85590_0 .var "pin_retry_error", 0 0;
v0x61df93f85650_0 .net "pin_valid", 0 0, v0x61df93f865f0_0;  1 drivers
v0x61df93f85710_0 .var "receipt_print", 0 0;
v0x61df93f857d0_0 .net "rst", 0 0, v0x61df93f86790_0;  1 drivers
v0x61df93f85890_0 .var "state", 3 0;
v0x61df93f85970_0 .net "state_dbg", 3 0, L_0x61df93f86a00;  alias, 1 drivers
v0x61df93f85a50_0 .net "txn_select", 0 0, v0x61df93f86930_0;  1 drivers
E_0x61df93f4eb80/0 .event anyedge, v0x61df93f85890_0, v0x61df93f84d80_0, v0x61df93f84bf0_0, v0x61df93f85650_0;
E_0x61df93f4eb80/1 .event anyedge, v0x61df93f854d0_0, v0x61df93f853f0_0, v0x61df93f85a50_0, v0x61df93f4a460_0;
E_0x61df93f4eb80/2 .event anyedge, v0x61df93f84f50_0, v0x61df93f850d0_0, v0x61df93f85590_0;
E_0x61df93f4eb80 .event/or E_0x61df93f4eb80/0, E_0x61df93f4eb80/1, E_0x61df93f4eb80/2;
E_0x61df93f14cc0 .event posedge, v0x61df93f85190_0;
    .scope S_0x61df93f5b890;
T_0 ;
    %wait E_0x61df93f14cc0;
    %load/vec4 v0x61df93f857d0_0;
    %flag_set/vec4 8;
    %jmp/0xz  T_0.0, 8;
    %pushi/vec4 0, 0, 4;
    %assign/vec4 v0x61df93f85890_0, 0;
    %pushi/vec4 0, 0, 2;
    %assign/vec4 v0x61df93f853f0_0, 0;
    %pushi/vec4 0, 0, 1;
    %assign/vec4 v0x61df93f85590_0, 0;
    %jmp T_0.1;
T_0.0 ;
    %load/vec4 v0x61df93f85310_0;
    %assign/vec4 v0x61df93f85890_0, 0;
    %load/vec4 v0x61df93f85890_0;
    %cmpi/e 0, 0, 4;
    %jmp/1 T_0.4, 4;
    %flag_mov 8, 4;
    %load/vec4 v0x61df93f85890_0;
    %cmpi/e 2, 0, 4;
    %flag_get/vec4 4;
    %jmp/0 T_0.5, 4;
    %load/vec4 v0x61df93f85650_0;
    %and;
T_0.5;
    %flag_set/vec4 9;
    %flag_or 9, 8;
    %flag_mov 4, 9;
T_0.4;
    %jmp/0xz  T_0.2, 4;
    %pushi/vec4 0, 0, 2;
    %assign/vec4 v0x61df93f853f0_0, 0;
    %jmp T_0.3;
T_0.2 ;
    %load/vec4 v0x61df93f85890_0;
    %cmpi/e 2, 0, 4;
    %flag_get/vec4 4;
    %jmp/0 T_0.8, 4;
    %load/vec4 v0x61df93f854d0_0;
    %and;
T_0.8;
    %flag_set/vec4 8;
    %jmp/0xz  T_0.6, 8;
    %load/vec4 v0x61df93f853f0_0;
    %addi 1, 0, 2;
    %assign/vec4 v0x61df93f853f0_0, 0;
T_0.6 ;
T_0.3 ;
    %load/vec4 v0x61df93f85890_0;
    %cmpi/e 2, 0, 4;
    %flag_get/vec4 4;
    %jmp/0 T_0.11, 4;
    %load/vec4 v0x61df93f854d0_0;
    %and;
T_0.11;
    %flag_set/vec4 8;
    %jmp/0xz  T_0.9, 8;
    %pushi/vec4 1, 0, 1;
    %assign/vec4 v0x61df93f85590_0, 0;
    %jmp T_0.10;
T_0.9 ;
    %load/vec4 v0x61df93f85890_0;
    %cmpi/e 4, 0, 4;
    %flag_get/vec4 4;
    %jmp/0 T_0.15, 4;
    %load/vec4 v0x61df93f4a460_0;
    %and;
T_0.15;
    %flag_set/vec4 9;
    %flag_get/vec4 9;
    %jmp/0 T_0.14, 9;
    %load/vec4 v0x61df93f84f50_0;
    %nor/r;
    %and;
T_0.14;
    %flag_set/vec4 8;
    %jmp/0xz  T_0.12, 8;
    %pushi/vec4 0, 0, 1;
    %assign/vec4 v0x61df93f85590_0, 0;
    %jmp T_0.13;
T_0.12 ;
    %load/vec4 v0x61df93f85890_0;
    %cmpi/e 0, 0, 4;
    %jmp/0xz  T_0.16, 4;
    %pushi/vec4 0, 0, 1;
    %assign/vec4 v0x61df93f85590_0, 0;
T_0.16 ;
T_0.13 ;
T_0.10 ;
T_0.1 ;
    %jmp T_0;
    .thread T_0;
    .scope S_0x61df93f5b890;
T_1 ;
    %wait E_0x61df93f4eb80;
    %load/vec4 v0x61df93f85890_0;
    %store/vec4 v0x61df93f85310_0, 0, 4;
    %pushi/vec4 0, 0, 1;
    %store/vec4 v0x61df93f84cb0_0, 0, 1;
    %pushi/vec4 0, 0, 1;
    %store/vec4 v0x61df93f84e40_0, 0, 1;
    %pushi/vec4 0, 0, 1;
    %store/vec4 v0x61df93f85010_0, 0, 1;
    %pushi/vec4 0, 0, 1;
    %store/vec4 v0x61df93f85710_0, 0, 1;
    %pushi/vec4 0, 0, 1;
    %store/vec4 v0x61df93f85250_0, 0, 1;
    %load/vec4 v0x61df93f85890_0;
    %dup/vec4;
    %pushi/vec4 0, 0, 4;
    %cmp/u;
    %jmp/1 T_1.0, 6;
    %dup/vec4;
    %pushi/vec4 1, 0, 4;
    %cmp/u;
    %jmp/1 T_1.1, 6;
    %dup/vec4;
    %pushi/vec4 2, 0, 4;
    %cmp/u;
    %jmp/1 T_1.2, 6;
    %dup/vec4;
    %pushi/vec4 3, 0, 4;
    %cmp/u;
    %jmp/1 T_1.3, 6;
    %dup/vec4;
    %pushi/vec4 4, 0, 4;
    %cmp/u;
    %jmp/1 T_1.4, 6;
    %dup/vec4;
    %pushi/vec4 5, 0, 4;
    %cmp/u;
    %jmp/1 T_1.5, 6;
    %dup/vec4;
    %pushi/vec4 6, 0, 4;
    %cmp/u;
    %jmp/1 T_1.6, 6;
    %dup/vec4;
    %pushi/vec4 7, 0, 4;
    %cmp/u;
    %jmp/1 T_1.7, 6;
    %dup/vec4;
    %pushi/vec4 8, 0, 4;
    %cmp/u;
    %jmp/1 T_1.8, 6;
    %dup/vec4;
    %pushi/vec4 9, 0, 4;
    %cmp/u;
    %jmp/1 T_1.9, 6;
    %pushi/vec4 0, 0, 4;
    %store/vec4 v0x61df93f85310_0, 0, 4;
    %jmp T_1.11;
T_1.0 ;
    %load/vec4 v0x61df93f84d80_0;
    %flag_set/vec4 8;
    %jmp/0xz  T_1.12, 8;
    %pushi/vec4 1, 0, 4;
    %store/vec4 v0x61df93f85310_0, 0, 4;
T_1.12 ;
    %jmp T_1.11;
T_1.1 ;
    %load/vec4 v0x61df93f84bf0_0;
    %flag_set/vec4 8;
    %jmp/0xz  T_1.14, 8;
    %pushi/vec4 7, 0, 4;
    %store/vec4 v0x61df93f85310_0, 0, 4;
    %jmp T_1.15;
T_1.14 ;
    %pushi/vec4 2, 0, 4;
    %store/vec4 v0x61df93f85310_0, 0, 4;
T_1.15 ;
    %jmp T_1.11;
T_1.2 ;
    %load/vec4 v0x61df93f84bf0_0;
    %flag_set/vec4 8;
    %jmp/0xz  T_1.16, 8;
    %pushi/vec4 7, 0, 4;
    %store/vec4 v0x61df93f85310_0, 0, 4;
    %jmp T_1.17;
T_1.16 ;
    %load/vec4 v0x61df93f85650_0;
    %flag_set/vec4 8;
    %jmp/0xz  T_1.18, 8;
    %pushi/vec4 3, 0, 4;
    %store/vec4 v0x61df93f85310_0, 0, 4;
    %jmp T_1.19;
T_1.18 ;
    %load/vec4 v0x61df93f854d0_0;
    %flag_set/vec4 8;
    %jmp/0xz  T_1.20, 8;
    %load/vec4 v0x61df93f853f0_0;
    %pad/u 32;
    %cmpi/e 2, 0, 32;
    %jmp/0xz  T_1.22, 4;
    %pushi/vec4 9, 0, 4;
    %store/vec4 v0x61df93f85310_0, 0, 4;
    %jmp T_1.23;
T_1.22 ;
    %pushi/vec4 8, 0, 4;
    %store/vec4 v0x61df93f85310_0, 0, 4;
T_1.23 ;
T_1.20 ;
T_1.19 ;
T_1.17 ;
    %jmp T_1.11;
T_1.3 ;
    %load/vec4 v0x61df93f84bf0_0;
    %flag_set/vec4 8;
    %jmp/0xz  T_1.24, 8;
    %pushi/vec4 7, 0, 4;
    %store/vec4 v0x61df93f85310_0, 0, 4;
    %jmp T_1.25;
T_1.24 ;
    %load/vec4 v0x61df93f85a50_0;
    %flag_set/vec4 8;
    %jmp/0xz  T_1.26, 8;
    %pushi/vec4 4, 0, 4;
    %store/vec4 v0x61df93f85310_0, 0, 4;
T_1.26 ;
T_1.25 ;
    %jmp T_1.11;
T_1.4 ;
    %load/vec4 v0x61df93f84bf0_0;
    %flag_set/vec4 8;
    %jmp/0xz  T_1.28, 8;
    %pushi/vec4 7, 0, 4;
    %store/vec4 v0x61df93f85310_0, 0, 4;
    %jmp T_1.29;
T_1.28 ;
    %load/vec4 v0x61df93f4a460_0;
    %flag_set/vec4 8;
    %jmp/0xz  T_1.30, 8;
    %load/vec4 v0x61df93f84f50_0;
    %flag_set/vec4 8;
    %jmp/0xz  T_1.32, 8;
    %pushi/vec4 5, 0, 4;
    %store/vec4 v0x61df93f85310_0, 0, 4;
    %jmp T_1.33;
T_1.32 ;
    %pushi/vec4 8, 0, 4;
    %store/vec4 v0x61df93f85310_0, 0, 4;
T_1.33 ;
T_1.30 ;
T_1.29 ;
    %jmp T_1.11;
T_1.5 ;
    %pushi/vec4 1, 0, 1;
    %store/vec4 v0x61df93f85010_0, 0, 1;
    %load/vec4 v0x61df93f84bf0_0;
    %flag_set/vec4 8;
    %jmp/0xz  T_1.34, 8;
    %pushi/vec4 7, 0, 4;
    %store/vec4 v0x61df93f85310_0, 0, 4;
    %jmp T_1.35;
T_1.34 ;
    %load/vec4 v0x61df93f850d0_0;
    %flag_set/vec4 8;
    %jmp/0xz  T_1.36, 8;
    %pushi/vec4 6, 0, 4;
    %store/vec4 v0x61df93f85310_0, 0, 4;
T_1.36 ;
T_1.35 ;
    %jmp T_1.11;
T_1.6 ;
    %pushi/vec4 1, 0, 1;
    %store/vec4 v0x61df93f85710_0, 0, 1;
    %pushi/vec4 7, 0, 4;
    %store/vec4 v0x61df93f85310_0, 0, 4;
    %jmp T_1.11;
T_1.7 ;
    %pushi/vec4 1, 0, 1;
    %store/vec4 v0x61df93f84cb0_0, 0, 1;
    %pushi/vec4 0, 0, 4;
    %store/vec4 v0x61df93f85310_0, 0, 4;
    %jmp T_1.11;
T_1.8 ;
    %pushi/vec4 1, 0, 1;
    %store/vec4 v0x61df93f85250_0, 0, 1;
    %load/vec4 v0x61df93f85590_0;
    %flag_set/vec4 8;
    %jmp/0xz  T_1.38, 8;
    %pushi/vec4 2, 0, 4;
    %store/vec4 v0x61df93f85310_0, 0, 4;
    %jmp T_1.39;
T_1.38 ;
    %pushi/vec4 7, 0, 4;
    %store/vec4 v0x61df93f85310_0, 0, 4;
T_1.39 ;
    %jmp T_1.11;
T_1.9 ;
    %pushi/vec4 1, 0, 1;
    %store/vec4 v0x61df93f84e40_0, 0, 1;
    %pushi/vec4 0, 0, 4;
    %store/vec4 v0x61df93f85310_0, 0, 4;
    %jmp T_1.11;
T_1.11 ;
    %pop/vec4 1;
    %jmp T_1;
    .thread T_1, $push;
    .scope S_0x61df93f5b700;
T_2 ;
    %delay 5, 0;
    %load/vec4 v0x61df93f86380_0;
    %inv;
    %store/vec4 v0x61df93f86380_0, 0, 1;
    %jmp T_2;
    .thread T_2;
    .scope S_0x61df93f5b700;
T_3 ;
    %vpi_call 2 43 "$dumpfile", "wave_atm_controller.vcd" {0 0 0};
    %vpi_call 2 44 "$dumpvars", 32'sb00000000000000000000000000000000, S_0x61df93f5b700 {0 0 0};
    %pushi/vec4 0, 0, 1;
    %store/vec4 v0x61df93f86380_0, 0, 1;
    %pushi/vec4 0, 0, 1;
    %store/vec4 v0x61df93f86790_0, 0, 1;
    %pushi/vec4 0, 0, 1;
    %store/vec4 v0x61df93f85fa0_0, 0, 1;
    %pushi/vec4 0, 0, 1;
    %store/vec4 v0x61df93f865f0_0, 0, 1;
    %pushi/vec4 0, 0, 1;
    %store/vec4 v0x61df93f86520_0, 0, 1;
    %pushi/vec4 0, 0, 1;
    %store/vec4 v0x61df93f86930_0, 0, 1;
    %pushi/vec4 0, 0, 1;
    %store/vec4 v0x61df93f85d10_0, 0, 1;
    %pushi/vec4 0, 0, 1;
    %store/vec4 v0x61df93f86110_0, 0, 1;
    %pushi/vec4 0, 0, 1;
    %store/vec4 v0x61df93f862b0_0, 0, 1;
    %pushi/vec4 0, 0, 1;
    %store/vec4 v0x61df93f85dd0_0, 0, 1;
    %pushi/vec4 1, 0, 1;
    %store/vec4 v0x61df93f86790_0, 0, 1;
    %delay 10, 0;
    %pushi/vec4 0, 0, 1;
    %store/vec4 v0x61df93f86790_0, 0, 1;
    %vpi_call 2 61 "$display", "===== Successful Withdrawal Test =====" {0 0 0};
    %pushi/vec4 1, 0, 1;
    %store/vec4 v0x61df93f85fa0_0, 0, 1;
    %delay 10, 0;
    %pushi/vec4 0, 0, 1;
    %store/vec4 v0x61df93f85fa0_0, 0, 1;
    %pushi/vec4 1, 0, 1;
    %store/vec4 v0x61df93f865f0_0, 0, 1;
    %delay 10, 0;
    %pushi/vec4 0, 0, 1;
    %store/vec4 v0x61df93f865f0_0, 0, 1;
    %pushi/vec4 1, 0, 1;
    %store/vec4 v0x61df93f86930_0, 0, 1;
    %delay 10, 0;
    %pushi/vec4 0, 0, 1;
    %store/vec4 v0x61df93f86930_0, 0, 1;
    %pushi/vec4 1, 0, 1;
    %store/vec4 v0x61df93f85d10_0, 0, 1;
    %pushi/vec4 1, 0, 1;
    %store/vec4 v0x61df93f86110_0, 0, 1;
    %delay 10, 0;
    %pushi/vec4 0, 0, 1;
    %store/vec4 v0x61df93f85d10_0, 0, 1;
    %pushi/vec4 0, 0, 1;
    %store/vec4 v0x61df93f86110_0, 0, 1;
    %delay 10, 0;
    %pushi/vec4 1, 0, 1;
    %store/vec4 v0x61df93f862b0_0, 0, 1;
    %delay 10, 0;
    %pushi/vec4 0, 0, 1;
    %store/vec4 v0x61df93f862b0_0, 0, 1;
    %delay 20, 0;
    %vpi_call 2 89 "$display", "===== Invalid PIN Retry Test =====" {0 0 0};
    %pushi/vec4 1, 0, 1;
    %store/vec4 v0x61df93f85fa0_0, 0, 1;
    %delay 10, 0;
    %pushi/vec4 0, 0, 1;
    %store/vec4 v0x61df93f85fa0_0, 0, 1;
    %pushi/vec4 1, 0, 1;
    %store/vec4 v0x61df93f86520_0, 0, 1;
    %delay 10, 0;
    %pushi/vec4 0, 0, 1;
    %store/vec4 v0x61df93f86520_0, 0, 1;
    %delay 20, 0;
    %pushi/vec4 1, 0, 1;
    %store/vec4 v0x61df93f86520_0, 0, 1;
    %delay 10, 0;
    %pushi/vec4 0, 0, 1;
    %store/vec4 v0x61df93f86520_0, 0, 1;
    %delay 20, 0;
    %pushi/vec4 1, 0, 1;
    %store/vec4 v0x61df93f86520_0, 0, 1;
    %delay 10, 0;
    %pushi/vec4 0, 0, 1;
    %store/vec4 v0x61df93f86520_0, 0, 1;
    %delay 20, 0;
    %vpi_call 2 113 "$display", "===== Cash Unavailable Test =====" {0 0 0};
    %pushi/vec4 1, 0, 1;
    %store/vec4 v0x61df93f86790_0, 0, 1;
    %delay 10, 0;
    %pushi/vec4 0, 0, 1;
    %store/vec4 v0x61df93f86790_0, 0, 1;
    %pushi/vec4 1, 0, 1;
    %store/vec4 v0x61df93f85fa0_0, 0, 1;
    %delay 10, 0;
    %pushi/vec4 0, 0, 1;
    %store/vec4 v0x61df93f85fa0_0, 0, 1;
    %pushi/vec4 1, 0, 1;
    %store/vec4 v0x61df93f865f0_0, 0, 1;
    %delay 10, 0;
    %pushi/vec4 0, 0, 1;
    %store/vec4 v0x61df93f865f0_0, 0, 1;
    %pushi/vec4 1, 0, 1;
    %store/vec4 v0x61df93f86930_0, 0, 1;
    %delay 10, 0;
    %pushi/vec4 0, 0, 1;
    %store/vec4 v0x61df93f86930_0, 0, 1;
    %pushi/vec4 1, 0, 1;
    %store/vec4 v0x61df93f85d10_0, 0, 1;
    %pushi/vec4 0, 0, 1;
    %store/vec4 v0x61df93f86110_0, 0, 1;
    %delay 10, 0;
    %pushi/vec4 0, 0, 1;
    %store/vec4 v0x61df93f85d10_0, 0, 1;
    %delay 30, 0;
    %vpi_call 2 138 "$display", "===== Cancel Test =====" {0 0 0};
    %pushi/vec4 1, 0, 1;
    %store/vec4 v0x61df93f86790_0, 0, 1;
    %delay 10, 0;
    %pushi/vec4 0, 0, 1;
    %store/vec4 v0x61df93f86790_0, 0, 1;
    %pushi/vec4 1, 0, 1;
    %store/vec4 v0x61df93f85fa0_0, 0, 1;
    %delay 10, 0;
    %pushi/vec4 0, 0, 1;
    %store/vec4 v0x61df93f85fa0_0, 0, 1;
    %pushi/vec4 1, 0, 1;
    %store/vec4 v0x61df93f865f0_0, 0, 1;
    %delay 10, 0;
    %pushi/vec4 0, 0, 1;
    %store/vec4 v0x61df93f865f0_0, 0, 1;
    %pushi/vec4 1, 0, 1;
    %store/vec4 v0x61df93f86930_0, 0, 1;
    %delay 10, 0;
    %pushi/vec4 0, 0, 1;
    %store/vec4 v0x61df93f86930_0, 0, 1;
    %pushi/vec4 1, 0, 1;
    %store/vec4 v0x61df93f85dd0_0, 0, 1;
    %delay 10, 0;
    %pushi/vec4 0, 0, 1;
    %store/vec4 v0x61df93f85dd0_0, 0, 1;
    %delay 30, 0;
    %vpi_call 2 162 "$display", "Simulation Completed" {0 0 0};
    %vpi_call 2 163 "$finish" {0 0 0};
    %end;
    .thread T_3;
# The file index is used to find the file name in the following table.
:file_names 4;
    "N/A";
    "<interactive>";
    "tb_atm_controller.v";
    "atm_controller.v";
